#
# There is insufficient memory for the Java Runtime Environment to continue.
# Native memory allocation (mmap) failed to map 536870912 bytes for G1 virtual space
# Possible reasons:
#   The system is out of physical RAM or swap space
#   The process is running with CompressedOops enabled, and the Java Heap may be blocking the growth of the native heap
# Possible solutions:
#   Reduce memory load on the system
#   Increase physical memory or swap space
#   Check if swap backing store is full
#   Decrease Java heap size (-Xmx/-Xms)
#   Decrease number of Java threads
#   Decrease Java thread stack sizes (-Xss)
#   Set larger code cache with -XX:ReservedCodeCacheSize=
#   JVM is running with Zero Based Compressed Oops mode in which the Java heap is
#     placed in the first 32GB address space. The Java Heap base address is the
#     maximum limit for the native heap growth. Please use -XX:HeapBaseMinAddress
#     to set the Java Heap base and to place the Java Heap above 32GB virtual address.
# This output file may be truncated or incomplete.
#
#  Out of Memory Error (os_windows.cpp:3550), pid=63244, tid=65608
#
# JRE version:  (17.0.6+9) (build )
# Java VM: Java HotSpot(TM) 64-Bit Server VM (17.0.6+9-LTS-190, mixed mode, sharing, tiered, compressed oops, compressed class ptrs, g1 gc, windows-amd64)
# No core dump will be written. Minidumps are not enabled by default on client versions of Windows
#

---------------  S U M M A R Y ------------

Command Line: C:\TMP\surefire17739326239611016383\surefirebooter2737769587926040139.jar C:\TMP\surefire17739326239611016383 2023-07-02T13-58-09_898-jvmRun1 surefire9551391307240176906tmp surefire_015840043814044561324tmp

Host: Intel(R) Core(TM) i7-8565U CPU @ 1.80GHz, 8 cores, 31G,  Windows 10 , 64 bit Build 19041 (10.0.19041.292)
Time: Sun Jul  2 13:58:10 2023 RTZ 2 (s 10 , 64 bit Build 19041 (10.0.19041.292) elapsed time: 0.015655 seconds (0d 0h 0m 0s)

---------------  T H R E A D  ---------------

Current thread (0x000002865b79bf70):  JavaThread "Unknown thread" [_thread_in_vm, id=65608, stack(0x000000c1de400000,0x000000c1de500000)]

Stack: [0x000000c1de400000,0x000000c1de500000]
Native frames: (J=compiled Java code, j=interpreted, Vv=VM code, C=native code)
V  [jvm.dll+0x6734ea]
V  [jvm.dll+0x7d18f4]
V  [jvm.dll+0x7d309e]
V  [jvm.dll+0x7d3703]
V  [jvm.dll+0x2433c5]
V  [jvm.dll+0x6703f9]
V  [jvm.dll+0x664d32]
V  [jvm.dll+0x300086]
V  [jvm.dll+0x307606]
V  [jvm.dll+0x356c1e]
V  [jvm.dll+0x356e4f]
V  [jvm.dll+0x2d72e8]
V  [jvm.dll+0x2d8254]
V  [jvm.dll+0x7a33b1]
V  [jvm.dll+0x3647f1]
V  [jvm.dll+0x782839]
V  [jvm.dll+0x3e757f]
V  [jvm.dll+0x3e9001]
C  [jli.dll+0x5297]
C  [ucrtbase.dll+0x21542]
C  [KERNEL32.DLL+0x16fd4]
C  [ntdll.dll+0x4cec1]


---------------  P R O C E S S  ---------------

Threads class SMR info:
_java_thread_list=0x00007ffa9ed3e958, length=0, elements={
}

Java Threads: ( => current thread )

Other Threads:
  0x000002865d8098e0 GCTaskThread "GC Thread#0" [stack: 0x000000c1de500000,0x000000c1de600000] [id=112704]
  0x000002865d81a6a0 ConcurrentGCThread "G1 Main Marker" [stack: 0x000000c1de600000,0x000000c1de700000] [id=124072]
  0x000002865d81b0b0 ConcurrentGCThread "G1 Conc#0" [stack: 0x000000c1de700000,0x000000c1de800000] [id=87204]

[error occurred during error reporting (printing all threads), id 0xc0000005, EXCEPTION_ACCESS_VIOLATION (0xc0000005) at pc=0x00007ffa9e577f07]

VM state: not at safepoint (not fully initialized)

VM Mutex/Monitor currently owned by a thread:  ([mutex/lock_event])
[0x000002865d75b640] Heap_lock - owner thread: 0x000002865b79bf70

Heap address: 0x0000000603000000, size: 8144 MB, Compressed Oops mode: Zero based, Oop shift amount: 3

CDS archive(s) mapped at: [0x0000000000000000-0x0000000000000000-0x0000000000000000), size 0, SharedBaseAddress: 0x0000000800000000, ArchiveRelocationMode: 0.
Narrow klass base: 0x0000000000000000, Narrow klass shift: 0, Narrow klass range: 0x0

GC Precious Log:
<Empty>

Heap:
 garbage-first heap   total 0K, used 0K [0x0000000603000000, 0x0000000800000000)
  region size 4096K, 0 young (0K), 0 survivors (0K)

[error occurred during error reporting (printing heap information), id 0xc0000005, EXCEPTION_ACCESS_VIOLATION (0xc0000005) at pc=0x00007ffa9e95c759]

GC Heap History (0 events):
No events

Deoptimization events (0 events):
No events

Classes unloaded (0 events):
No events

Classes redefined (0 events):
No events

Internal exceptions (0 events):
No events

VM Operations (0 events):
No events

Events (1 events):
Event: 0.007 Loaded shared library C:\Java\jdk-17.0.6\bin\java.dll


Dynamic libraries:
0x00007ff68efd0000 - 0x00007ff68efe0000 	C:\Java\jdk-17.0.6\bin\java.exe
0x00007ffb100d0000 - 0x00007ffb102c5000 	C:\WINDOWS\SYSTEM32\ntdll.dll
0x00007ffb0f380000 - 0x00007ffb0f43d000 	C:\WINDOWS\System32\KERNEL32.DLL
0x00007ffb0dd10000 - 0x00007ffb0dfd7000 	C:\WINDOWS\System32\KERNELBASE.dll
0x00007ffb0d960000 - 0x00007ffb0da60000 	C:\WINDOWS\System32\ucrtbase.dll
0x00007ffafa280000 - 0x00007ffafa298000 	C:\Java\jdk-17.0.6\bin\jli.dll
0x00007ffafa2f0000 - 0x00007ffafa30b000 	C:\Java\jdk-17.0.6\bin\VCRUNTIME140.dll
0x00007ffb0e260000 - 0x00007ffb0e30a000 	C:\WINDOWS\System32\ADVAPI32.dll
0x00007ffb0f280000 - 0x00007ffb0f31e000 	C:\WINDOWS\System32\msvcrt.dll
0x00007ffb0fbe0000 - 0x00007ffb0fc7b000 	C:\WINDOWS\System32\sechost.dll
0x00007ffb0ed00000 - 0x00007ffb0ee23000 	C:\WINDOWS\System32\RPCRT4.dll
0x00007ffb0ee30000 - 0x00007ffb0efd0000 	C:\WINDOWS\System32\USER32.dll
0x00007ffb0e0b0000 - 0x00007ffb0e0d2000 	C:\WINDOWS\System32\win32u.dll
0x00007ffaf4d20000 - 0x00007ffaf4fba000 	C:\WINDOWS\WinSxS\amd64_microsoft.windows.common-controls_6595b64144ccf1df_6.0.19041.1_none_b555e41d4684ddec\COMCTL32.dll
0x00007ffb0e3a0000 - 0x00007ffb0e3ca000 	C:\WINDOWS\System32\GDI32.dll
0x00007ffb0d850000 - 0x00007ffb0d95a000 	C:\WINDOWS\System32\gdi32full.dll
0x00007ffb0da60000 - 0x00007ffb0dafd000 	C:\WINDOWS\System32\msvcp_win.dll
0x00007ffb07170000 - 0x00007ffb0717a000 	C:\WINDOWS\SYSTEM32\VERSION.dll
0x00007ffb0e500000 - 0x00007ffb0e530000 	C:\WINDOWS\System32\IMM32.DLL
0x00007ffb03b70000 - 0x00007ffb03b7c000 	C:\Java\jdk-17.0.6\bin\vcruntime140_1.dll
0x00007ffadaf60000 - 0x00007ffadafee000 	C:\Java\jdk-17.0.6\bin\msvcp140.dll
0x00007ffa9e290000 - 0x00007ffa9ee67000 	C:\Java\jdk-17.0.6\bin\server\jvm.dll
0x00007ffb0ec60000 - 0x00007ffb0ec68000 	C:\WINDOWS\System32\PSAPI.DLL
0x00007ffb06370000 - 0x00007ffb06379000 	C:\WINDOWS\SYSTEM32\WSOCK32.dll
0x00007ffafa490000 - 0x00007ffafa4b7000 	C:\WINDOWS\SYSTEM32\WINMM.dll
0x00007ffb0f0b0000 - 0x00007ffb0f11b000 	C:\WINDOWS\System32\WS2_32.dll
0x00007ffb0c120000 - 0x00007ffb0c133000 	C:\WINDOWS\SYSTEM32\kernel.appcore.dll
0x00007ffb03a80000 - 0x00007ffb03a8a000 	C:\Java\jdk-17.0.6\bin\jimage.dll
0x00007ffb0b6e0000 - 0x00007ffb0b8c4000 	C:\WINDOWS\SYSTEM32\DBGHELP.DLL
0x00007ffaf5210000 - 0x00007ffaf523c000 	C:\WINDOWS\SYSTEM32\dbgcore.DLL
0x00007ffb0dfe0000 - 0x00007ffb0e05f000 	C:\WINDOWS\System32\bcryptPrimitives.dll
0x00007ffaf85b0000 - 0x00007ffaf85d5000 	C:\Java\jdk-17.0.6\bin\java.dll

dbghelp: loaded successfully - version: 4.0.5 - missing functions: none
symbol engine: initialized successfully - sym options: 0x614 - pdb path: .;C:\Java\jdk-17.0.6\bin;C:\WINDOWS\SYSTEM32;C:\WINDOWS\WinSxS\amd64_microsoft.windows.common-controls_6595b64144ccf1df_6.0.19041.1_none_b555e41d4684ddec;C:\Java\jdk-17.0.6\bin\server

VM Arguments:
java_command: C:\TMP\surefire17739326239611016383\surefirebooter2737769587926040139.jar C:\TMP\surefire17739326239611016383 2023-07-02T13-58-09_898-jvmRun1 surefire9551391307240176906tmp surefire_015840043814044561324tmp
java_class_path (initial): C:\TMP\surefire17739326239611016383\surefirebooter2737769587926040139.jar
Launcher Type: SUN_STANDARD

[Global flags]
     intx CICompilerCount                          = 4                                         {product} {ergonomic}
     uint ConcGCThreads                            = 2                                         {product} {ergonomic}
     uint G1ConcRefinementThreads                  = 8                                         {product} {ergonomic}
   size_t G1HeapRegionSize                         = 4194304                                   {product} {ergonomic}
    uintx GCDrainStackTargetSize                   = 64                                        {product} {ergonomic}
   size_t InitialHeapSize                          = 536870912                                 {product} {ergonomic}
   size_t MarkStackSize                            = 4194304                                   {product} {ergonomic}
   size_t MaxHeapSize                              = 8539602944                                {product} {ergonomic}
   size_t MinHeapDeltaBytes                        = 4194304                                   {product} {ergonomic}
   size_t MinHeapSize                              = 8388608                                   {product} {ergonomic}
    uintx NonNMethodCodeHeapSize                   = 5839372                                {pd product} {ergonomic}
    uintx NonProfiledCodeHeapSize                  = 122909434                              {pd product} {ergonomic}
    uintx ProfiledCodeHeapSize                     = 122909434                              {pd product} {ergonomic}
    uintx ReservedCodeCacheSize                    = 251658240                              {pd product} {ergonomic}
     bool SegmentedCodeCache                       = true                                      {product} {ergonomic}
   size_t SoftMaxHeapSize                          = 8539602944                             {manageable} {ergonomic}
     bool UseCompressedClassPointers               = true                           {product lp64_product} {ergonomic}
     bool UseCompressedOops                        = true                           {product lp64_product} {ergonomic}
     bool UseG1GC                                  = true                                      {product} {ergonomic}
     bool UseLargePagesIndividualAllocation        = false                                  {pd product} {ergonomic}

Logging:
Log output configuration:
 #0: stdout all=warning uptime,level,tags
 #1: stderr all=off uptime,level,tags

Environment Variables:
JAVA_HOME=C:\Java\jdk-17.0.6
PATH=C:\Java\jdk-17.0.6\bin;C:\WINDOWS\system32;C:\WINDOWS;C:\WINDOWS\System32\Wbem;C:\WINDOWS\System32\WindowsPowerShell\v1.0\;C:\WINDOWS\System32\OpenSSH\;C:\Program Files\PowerShell\7\;C:\Program Files\PuTTY\;C:\Program Files\TortoiseGit\bin;C:\Tools\nvm;C:\Tools\nodejs;C:\Program Files\Microsoft SQL Server\120\Tools\Binn\;C:\Tools\Yarn\bin\;C:\Program Files\Docker\Docker\resources\bin;C:\ProgramData\DockerDesktop\version-bin;C:\Java\jdk-11.0.17\bin;C:\oracle\ORA_12.1.0.2.0\instantclient_12_1;C:\JetBrains\IntelliJ IDEA 2021.2.2\bin\;C:\Tools\Git\usr\bin;C:\Users\HP-830-G6\AppData\Local\Microsoft\WindowsApps;C:\Users\HP-830-G6\AppData\Roaming\npm;C:\Users\HP-830-G6\AppData\Local\Yarn\bin;C:\JetBrains\DataGrip 2022.1.5\bin;
USERNAME=HP-830-G6
OS=Windows_NT
PROCESSOR_IDENTIFIER=Intel64 Family 6 Model 142 Stepping 12, GenuineIntel



---------------  S Y S T E M  ---------------

OS:
 Windows 10 , 64 bit Build 19041 (10.0.19041.292)
OS uptime: 103 days 23:49 hours
Hyper-V role detected

CPU: total 8 (initial active 8) (4 cores per cpu, 2 threads per core) family 6 model 142 stepping 12 microcode 0xca, cx8, cmov, fxsr, ht, mmx, 3dnowpref, sse, sse2, sse3, ssse3, sse4.1, sse4.2, popcnt, lzcnt, tsc, tscinvbit, avx, avx2, aes, erms, clmul, bmi1, bmi2, adx, fma, vzeroupper, clflush, clflushopt, hv

Memory: 4k page, system-wide physical 32574M (3763M free)
TotalPageFile size 32574M (AvailPageFile size 310M)
current process WorkingSet (physical memory assigned to process): 10M, peak: 10M
current process commit charge ("private bytes"): 60M, peak: 572M

vm_info: Java HotSpot(TM) 64-Bit Server VM (17.0.6+9-LTS-190) for windows-amd64 JRE (17.0.6+9-LTS-190), built on Dec  6 2022 15:53:54 by "mach5one" with MS VC++ 17.1 (VS2022)

END.
